INFO: Using built-in libfuzzer
WARNING: Failed to find function "__sanitizer_acquire_crash_state".
WARNING: Failed to find function "__sanitizer_print_stack_trace".
WARNING: Failed to find function "__sanitizer_set_death_callback".
INFO: Running with entropic power schedule (0xFF, 100).
INFO: Seed: 1106546753
INFO:       44 files found in /github/workspace/cifuzz-corpus/idna_fuzzer
INFO: -max_len is not provided; libFuzzer will not generate inputs larger than 4096 bytes
INFO: seed corpus: files: 44 min: 1b max: 261b total: 1137b rss: 39Mb
#45	INITED cov: 234 ft: 464 corp: 36/1049b exec/s: 0 rss: 39Mb
Done 47 in 0 second(s)
INFO: Instrumentation complete.
INFO: Instrumenting idna
WARNING: It looks like this module is imported by a custom loader. Atheris has experimental support for this. However, it may be incompatible with certain libraries. If you experience unusual errors or poor coverage collection, try atheris.instrument_all() instead, add enable_loader_override=False to instrument_imports(), or file an issue on GitHub.
INFO: Instrumenting idna.package_data
INFO: Instrumenting idna.core
INFO: Instrumenting idna.idnadata
INFO: Instrumenting bisect
INFO: Instrumenting idna.intranges
INFO: Instrumenting 2203 functions...
